  52.350    4.900 Amsterdam
  39.917   32.833 Ankara
  61.000 -149.500 Anchorage
  42.300  -83.717 Ann Arbor
  41.133  -73.717 Armonk
  38.000   23.733 Athens
  33.750  -84.383 Atlanta
  30.283  -97.750 Austin
  50.217    8.617 Bad Homburg
  39.300  -76.633 Baltimore
  13.733  100.500 Bangkok
  41.417    2.167 Barcelona
  47.550    7.600 Basel
  51.267   -1.083 Basingstoke
  30.083  -94.100 Beaumont
  45.483 -122.817 Beaverton
  39.917  116.417 Beijing
  60.383    5.333 Bergen
  37.883 -122.283 Berkeley
  52.500   13.400 Berlin
  46.950    7.433 Bern
  47.233    6.033 Besancon
  39.000  -77.083 Bethesda
  40.600  -75.367 Bethlehem
  37.250  -80.417 Blacksberg
  26.367  -80.083 Boca Raton
  48.683    9.017 Boeblingen
   4.600  -74.083 Bogota
  44.833   -0.567 Bordeaux
  42.333  -71.083 Boston
  40.017 -105.283 Boulder
  35.517  -82.767 Brevard
  13.100  -59.617 Bridgetown
  50.833    4.350 Brussels
 -34.617  -58.400 Buenos Aires
  34.183 -118.317 Burbank
  44.467  -73.233 Burlington
  30.050   31.250 Cairo
  51.083 -114.083 Calgary
  42.367  -71.100 Cambridge
 -22.900  -47.100 Campinas
 -35.300  149.133 Canberra
 -33.933   18.467 Cape Town
  10.583  -66.933 Caracas
  35.783  -78.800 Cary
  38.383  -81.667 Charleston
  35.050  -80.833 Charlotte
  41.833  -87.750 Chicago
  51.467   -0.300 Chiswick
  39.167  -84.500 Cincinnati
  41.500  -81.683 Cleveland
  38.833 -104.817 Colorado Springs
  37.983 -122.067 Concord
  55.717   12.567 Copenhagen
  48.617    2.483 Corbeil-Essonnes
  33.650 -117.933 Costa Mesa
  51.383   -0.100 Croydon
  37.317 -122.017 Cupertino
  12.183  -69.000 Curacao
  32.783  -96.817 Dallas
  41.400  -73.433 Danbury
  40.383  -74.517 Dayton
  39.750  -84.167 Dayton
  42.300  -83.233 Dearborn
  39.700  -75.500 Deepwater
  39.733 -104.983 Denver
  41.583  -93.917 Des Moines
  42.383  -83.083 Detroit
  51.533    7.450 Dortmund
  53.333   -6.250 Dublin
  51.217    6.783 Duesseldorf
  40.417  -74.383 East Brunswick
  41.550  -73.783 East Fishkill
  50.967   -1.367 Eastleigh
  44.833  -91.500 Eau Claire
  55.950   -3.217 Edinburgh
  53.567 -113.417 Edmonton
  48.283    9.750 Ehningen
  42.100  -76.050 Endicott
  42.117  -80.083 Erie
  51.450    6.950 Essen
  65.000 -148.000 Fairbanks
  41.533  -73.900 Fishkill
  40.783  -74.383 Florham Park
  32.750  -97.300 Fort Worth
  50.100    8.683 Frankfurt
  41.017  -74.200 Franklin Lakes
  35.367  139.483 Fujisawa
  39.133  -77.217 Gaithersburg
  46.217    6.150 Geneva
  57.750   12.000 Gothenburg
  42.950  -85.667 Grand Rapids
  51.517   -0.333 Greenford Green
  55.950   -4.750 Greenock
  20.667 -103.333 Guadalajara
  14.633  -90.517 Guatemala
  32.817   34.983 Haifa
  53.550   10.000 Hamburg
  41.383  -72.917 Hamden
  52.383    9.733 Hannover
  40.967  -73.700 Harrison
  41.767  -72.667 Hartford
  50.850   -0.983 Havant
  41.100  -73.783 Hawthorne
  49.417    8.700 Heidelberg
  60.133   25.000 Helsinki
  48.600    8.867 Herrenberg
  22.250  114.250 Hong Kong
  21.300 -157.800 Honolulu
  41.583  -73.783 Hopewell Jct.
  29.767  -95.367 Houston
  51.017   -1.383 Hursley
  39.750  -86.167 Indianapolis
  32.817  -96.933 Irving
  41.033   28.983 Istanbul
  -6.133  106.750 Jakarta
  59.400   17.833 Jarfalla
  21.500   39.167 Jeddah
  38.550  -92.167 Jefferson City
  40.783  -73.533 Jericho
  31.783   35.233 Jerusalem
 -26.167   28.033 Johannesburg
  59.000 -135.000 Juneau
  39.033  -94.550 Kansas City
  24.850   67.033 Karachi
  35.533  139.717 Kawasaki
  17.967  -76.800 Kingston
  41.917  -74.000 Kingston
   3.133  101.700 Kuala Lumpur
  29.333   48.000 Kuwait
  42.733  -84.567 Lansing
  42.733  -73.750 Latham
  38.033  -84.500 Lexington
  59.367   18.167 Lidingo
  50.650    3.083 Lille
 -12.100  -75.050 Lima
  38.733   -9.133 Lisbon
  48.600    2.433 Lisses
  43.500   -4.700 Llanes
  51.500   -0.167 London
  34.067 -118.250 Los Angeles
  37.217 -121.983 Los Gatos
  43.067  -89.367 Madison
  40.417   -3.717 Madrid
  41.100  -74.150 Mahwah
  50.000    8.267 Mainz
  55.583   13.133 Malmo
  38.750  -77.650 Manassas
  53.500   -2.250 Manchester
  14.600  120.983 Manila
  43.300    5.367 Marseille
  38.950  -77.217 McLean
  40.217  -77.017 Mechanicsburg
 -37.750  144.967 Melbourne
  28.067  -80.633 Melbourne
  41.867  -87.850 Melrose Park
  37.450 -122.183 Menlo Park
  19.400  -99.150 Mexico City
  24.900  -80.250 Miami
  40.383  -76.733 Middletown
  45.467    9.200 Milan
  41.217  -73.067 Milford
  37.417 -121.900 Milpitas
  43.050  -87.933 Milwaukee
  45.000  -93.250 Minneapolis
  34.067 -118.117 Monterey Park
 -34.917  -56.167 Montevideo
  43.600    3.883 Montpellier
  45.500  -73.600 Montreal
  41.033  -74.017 Montvale
  55.800   37.700 Moscow
  37.383 -122.067 Mountain View
  48.133   11.583 Munich
  -2.000   36.000 Nairobi
  48.700    6.200 Nancy
  47.233   -1.583 Nantes
  36.167  -86.833 Nashville
  25.083  -77.333 Nassau
  39.667  -75.717 New Castle
  28.600   77.200 New Delhi
  40.667  -73.833 New York
  39.700  -75.750 Newark
  42.767  -73.833 Niskayuna
  43.733  -79.433 North York
  41.117  -73.417 Norwalk
  37.833 -122.250 Oakland
  41.283  -96.017 Omaha
  30.100  -93.733 Orange
  28.550  -81.350 Orlando
  47.900    1.900 Orleans
  48.750    2.400 Orly
  34.667  135.500 Osaka
  59.933   10.750 Oslo
  42.100  -76.267 Owego
  33.833 -116.550 Palm Springs
  37.433 -122.167 Palo Alto
   8.967  -79.533 Panama City
  48.867    2.333 Paris
  39.283  -81.533 Parkersburg
 -31.967  115.817 Perth
  40.000  -75.167 Philadelphia
  33.450 -112.067 Phoenix
  43.717   10.400 Pisa
  40.483  -74.383 Piscataway
  40.433  -80.000 Pittsburgh
  10.633  -61.517 Port of Spain
  41.150   -8.617 Porto
  50.800   -1.083 Portsmouth
  41.717  -73.933 Poughkeepsie
  40.350  -74.667 Princeton
  41.033  -73.717 Purchase
  -0.233  -78.500 Quito
  35.767  -78.650 Raleigh
  40.333  -75.917 Reading
  47.667 -122.117 Redmond
  37.467 -122.250 Redwood City
  39.033  -77.350 Reston
  64.150  -21.967 Reykjavik
  37.567  -77.433 Richmond
 -22.750  -43.283 Rio de Janeiro
  33.000  -97.233 Roanoke
  44.017  -92.450 Rochester
  43.200  -77.617 Rochester
  39.083  -77.167 Rockville
  41.883   12.500 Rome
  40.817  -74.217 Roseland
  38.533 -121.500 Sacramento
  38.667  -90.250 Saint Louis
  44.883    2.900 Sainte Marie
  39.400   66.600 Samarkand
  32.717 -117.150 San Diego
  37.750 -122.450 San Francisco
  37.333 -121.917 San Jose
   9.983  -84.067 San Jose
  37.783 -121.967 San Ramon
  13.667  -89.167 San Salvador
  37.350 -121.967 Santa Clara
 -19.500  -70.667 Santiago
  18.500  -69.950 Santo Domingo
 -23.550  -46.650 Sao Paulo
  42.033  -88.083 Schaumburg
  41.417  -75.667 Scranton
  47.600 -122.333 Seattle
  45.483    9.317 Segrate
  37.550  126.967 Seoul
  48.717    9.017 Sindelfingen
   1.367  103.800 Singapore
  41.333  -73.683 Somers
  41.467  -73.217 Southbury
  42.467  -83.267 Southfield
  32.933  -97.150 Southlake
  39.817  -89.650 Springfield
  45.000  -93.167 St. Paul
  41.050  -73.533 Stamford
  58.950    5.667 Stavanger
  41.167  -74.267 Sterling Forest
  51.900   -0.183 Stevenage
  59.283   18.050 Stockholm
  51.567   -0.233 Sudbury
  37.383 -122.017 Sunnyvale
 -33.917  151.017 Sydney
  47.267 -122.500 Tacoma
  25.083  121.533 Taipei
  27.967  -82.633 Tampa
  41.083  -73.850 Tarrytown
  14.083  -87.233 Tegucigalpa
  32.083   34.767 Tel-Aviv
  41.117  -73.767 Thornwood
  35.667  139.750 Tokyo
  39.033  -95.683 Topeka
  43.700  -79.417 Toronto
  41.767  -76.450 Towanda
  42.567  -83.150 Troy
  32.250 -110.950 Tucson
  36.117  -95.967 Tulsa
  52.233    4.800 Uithoorn
  52.100    5.117 Utrecht
  39.483   -0.400 Valencia
  49.267 -123.117 Vancouver
  42.083  -76.050 Vestal
  28.717  -97.000 Victoria
  48.217   16.367 Vienna
  45.617    9.367 Vimercate
  42.383  -71.233 Waltham
 -36.367  146.333 Wangaratta
  41.600  -73.917 Wappingers Falls
  52.283   -1.567 Warwick
  38.917  -77.000 Washington
  40.050  -75.383 Wayne
 -41.283  174.783 Wellington
  40.800  -74.233 West Orange
  42.283  -71.617 Westboro
  32.983  -97.200 Westlake
  41.033  -73.767 White Plains
  39.767  -75.517 Wilmington
  51.067   -1.317 Winchester
  49.883  -97.167 Winnipeg
  36.083  -81.500 Winston-Salem
  34.183 -118.583 Woodland Hills
  33.133  130.500 Yamato
  35.050  136.017 Yasu
  41.283  -73.783 Yorktown Heights
  47.383    8.550 Zurich
