03Feb92 11:31:35 'diag' requested
03Feb92 11:31:35 'macro' requested -- file 'fred.pmg'
03Feb92 11:31:36 'test' requested
03Feb92 11:31:36 205200 bytes allocated for map
03Feb92 11:31:37 Unpack took 1094ms
03Feb92 11:31:37 >> 'mark  51.5    0   x centre y +5 text London'
03Feb92 11:31:37 MARK L/L/T: 51500 0 'London'
03Feb92 11:31:37 >> 'mark  37.8 -122.4 y center text San Francisco'
03Feb92 11:31:37 MARK L/L/T: 37800 -122400 'San Francisco'
03Feb92 11:31:37 >> 'mark  40.8  -74.0 text New York'
03Feb92 11:31:37 MARK L/L/T: 40800 -74000 'New York'
03Feb92 11:31:37 >> 'mark  35.7  139.8 text Tokyo'
03Feb92 11:31:37 MARK L/L/T: 35700 139800 'Tokyo'
03Feb92 11:31:37 >> 'mark -33.7  151.3 text Sydney'
03Feb92 11:31:37 MARK L/L/T: -33700 151300 'Sydney'
03Feb92 11:31:38 Using POS from .INI:
03Feb92 11:31:38   '547 250 463 512 21 251'
03Feb92 11:31:38 CX, CY 453 453
03Feb92 11:31:38 Got 0 0 'GMT' from OS2SYS.INI
03Feb92 11:31:38 Using settings from .INI:
03Feb92 11:31:38   '25.976 -6.898 +0 10 001001000 1111 300 50 Y50 18.000'
03Feb92 11:31:38 Initial settings string '25.976 -6.898 +0 10 001001000 1111 300 50 Y50 18.000'
03Feb92 11:31:38 Doing setwindowpos
03Feb92 11:31:38 Into NEWDRAW
03Feb92 11:31:38 Interrupt!
03Feb92 11:31:38 Leaving NEWDRAW
03Feb92 11:31:38 More lon/lat, less lon/lat: 11 00
03Feb92 11:31:38 Partback/disc/lat/lon/drawn: 11111
03Feb92 11:31:38 Sun, Space, 3-D: 1 1 1
03Feb92 11:31:38 New size 453x453
03Feb92 11:31:38 Odd diam 453
03Feb92 11:31:38 In GLOBECOL...
03Feb92 11:31:38 256 colours available
03Feb92 11:31:38 Y: 0 0
03Feb92 11:31:38 000: 000 000 000
03Feb92 11:31:38 001: 000 000 085
03Feb92 11:31:38 002: 000 000 170
03Feb92 11:31:38 003: 000 000 255
03Feb92 11:31:38 004: 000 036 000
03Feb92 11:31:38 005: 000 036 085
03Feb92 11:31:38 006: 000 036 170
03Feb92 11:31:38 007: 000 036 255
03Feb92 11:31:38 008: 000 073 000
03Feb92 11:31:38 009: 000 073 085
03Feb92 11:31:38 010: 000 073 170
03Feb92 11:31:38 011: 000 073 255
03Feb92 11:31:38 012: 000 109 000
03Feb92 11:31:38 013: 000 109 085
03Feb92 11:31:38 014: 000 109 170
03Feb92 11:31:38 015: 000 109 255
03Feb92 11:31:38 016: 000 146 000
03Feb92 11:31:38 017: 000 146 085
03Feb92 11:31:38 018: 000 146 170
03Feb92 11:31:38 019: 000 146 255
03Feb92 11:31:38 020: 000 182 000
03Feb92 11:31:38 021: 000 182 085
03Feb92 11:31:38 022: 000 182 170
03Feb92 11:31:39 023: 000 182 255
03Feb92 11:31:39 024: 000 219 000
03Feb92 11:31:39 025: 000 219 085
03Feb92 11:31:39 026: 000 219 170
03Feb92 11:31:39 027: 000 219 255
03Feb92 11:31:39 028: 000 255 000
03Feb92 11:31:39 029: 000 255 085
03Feb92 11:31:39 030: 000 255 170
03Feb92 11:31:39 031: 000 255 255
03Feb92 11:31:39 032: 043 000 000
03Feb92 11:31:39 033: 043 000 085
03Feb92 11:31:39 034: 043 000 170
03Feb92 11:31:39 035: 043 000 255
03Feb92 11:31:39 036: 043 036 000
03Feb92 11:31:39 037: 043 036 085
03Feb92 11:31:39 038: 043 036 170
03Feb92 11:31:39 039: 043 036 255
03Feb92 11:31:39 040: 043 073 000
03Feb92 11:31:39 041: 043 073 085
03Feb92 11:31:39 042: 043 073 170
03Feb92 11:31:39 043: 043 073 255
03Feb92 11:31:39 044: 043 109 000
03Feb92 11:31:39 045: 043 109 085
03Feb92 11:31:39 046: 043 109 170
03Feb92 11:31:39 047: 043 109 255
03Feb92 11:31:40 048: 043 146 000
03Feb92 11:31:40 049: 043 146 085
03Feb92 11:31:40 050: 043 146 170
03Feb92 11:31:40 051: 043 146 255
03Feb92 11:31:40 052: 043 182 000
03Feb92 11:31:40 053: 043 182 085
03Feb92 11:31:40 054: 043 182 170
03Feb92 11:31:40 055: 043 182 255
03Feb92 11:31:40 056: 043 219 000
03Feb92 11:31:40 057: 043 219 085
03Feb92 11:31:40 058: 043 219 170
03Feb92 11:31:40 059: 043 219 255
03Feb92 11:31:40 060: 043 255 000
03Feb92 11:31:40 061: 043 255 085
03Feb92 11:31:40 062: 043 255 170
03Feb92 11:31:40 063: 043 255 255
03Feb92 11:31:40 064: 085 000 000
03Feb92 11:31:40 065: 085 000 085
03Feb92 11:31:40 066: 085 000 170
03Feb92 11:31:40 067: 085 000 255
03Feb92 11:31:40 068: 085 036 000
03Feb92 11:31:40 069: 085 036 085
03Feb92 11:31:40 070: 085 036 170
03Feb92 11:31:40 071: 085 036 255
03Feb92 11:31:40 072: 085 073 000
03Feb92 11:31:40 073: 085 073 085
03Feb92 11:31:40 074: 085 073 170
03Feb92 11:31:40 075: 085 073 255
03Feb92 11:31:40 076: 085 109 000
03Feb92 11:31:40 077: 085 109 085
03Feb92 11:31:41 078: 085 109 170
03Feb92 11:31:41 079: 085 109 255
03Feb92 11:31:41 080: 085 146 000
03Feb92 11:31:41 081: 085 146 085
03Feb92 11:31:41 082: 085 146 170
03Feb92 11:31:41 083: 085 146 255
03Feb92 11:31:41 084: 085 182 000
03Feb92 11:31:41 085: 085 182 085
03Feb92 11:31:41 086: 085 182 170
03Feb92 11:31:41 087: 085 182 255
03Feb92 11:31:41 088: 085 219 000
03Feb92 11:31:41 089: 085 219 085
03Feb92 11:31:41 090: 085 219 170
03Feb92 11:31:41 091: 085 219 255
03Feb92 11:31:41 092: 085 255 000
03Feb92 11:31:41 093: 085 255 085
03Feb92 11:31:41 094: 085 255 170
03Feb92 11:31:41 095: 085 255 255
03Feb92 11:31:41 096: 128 000 000
03Feb92 11:31:41 097: 128 000 085
03Feb92 11:31:41 098: 128 000 170
03Feb92 11:31:41 099: 128 000 255
03Feb92 11:31:41 100: 128 036 000
03Feb92 11:31:41 101: 128 036 085
03Feb92 11:31:41 102: 128 036 170
03Feb92 11:31:41 103: 128 036 255
03Feb92 11:31:41 104: 128 073 000
03Feb92 11:31:41 105: 128 073 085
03Feb92 11:31:41 106: 128 073 170
03Feb92 11:31:41 107: 128 073 255
03Feb92 11:31:41 108: 128 109 000
03Feb92 11:31:41 109: 128 109 085
03Feb92 11:31:42 110: 128 109 170
03Feb92 11:31:42 111: 128 109 255
03Feb92 11:31:42 112: 001 001 001
03Feb92 11:31:42 113: 008 008 008
03Feb92 11:31:42 114: 016 016 016
03Feb92 11:31:42 115: 024 024 024
03Feb92 11:31:42 116: 032 032 032
03Feb92 11:31:42 117: 041 041 041
03Feb92 11:31:42 118: 049 049 049
03Feb92 11:31:42 119: 057 057 057
03Feb92 11:31:42 120: 065 065 065
03Feb92 11:31:42 121: 074 074 074
03Feb92 11:31:42 122: 082 082 082
03Feb92 11:31:42 123: 090 090 090
03Feb92 11:31:42 124: 098 098 098
03Feb92 11:31:42 125: 106 106 106
03Feb92 11:31:42 126: 115 115 115
03Feb92 11:31:42 127: 123 123 123
03Feb92 11:31:42 128: 131 131 131
03Feb92 11:31:42 129: 139 139 139
03Feb92 11:31:42 130: 148 148 148
03Feb92 11:31:42 131: 156 156 156
03Feb92 11:31:42 132: 164 164 164
03Feb92 11:31:42 133: 172 172 172
03Feb92 11:31:42 134: 180 180 180
03Feb92 11:31:42 135: 189 189 189
03Feb92 11:31:42 136: 197 197 197
03Feb92 11:31:42 137: 205 205 205
03Feb92 11:31:42 138: 213 213 213
03Feb92 11:31:42 139: 222 222 222
03Feb92 11:31:42 140: 230 230 230
03Feb92 11:31:42 141: 238 238 238
03Feb92 11:31:42 142: 246 246 246
03Feb92 11:31:42 143: 254 254 254
03Feb92 11:31:42 144: 128 146 000
03Feb92 11:31:42 145: 128 146 085
03Feb92 11:31:43 146: 128 146 170
03Feb92 11:31:43 147: 128 146 255
03Feb92 11:31:43 148: 128 182 000
03Feb92 11:31:43 149: 128 182 085
03Feb92 11:31:43 150: 128 182 170
03Feb92 11:31:43 151: 128 182 255
03Feb92 11:31:43 152: 128 219 000
03Feb92 11:31:43 153: 128 219 085
03Feb92 11:31:43 154: 128 219 170
03Feb92 11:31:43 155: 128 219 255
03Feb92 11:31:43 156: 128 255 000
03Feb92 11:31:43 157: 128 255 085
03Feb92 11:31:43 158: 128 255 170
03Feb92 11:31:43 159: 128 255 255
03Feb92 11:31:43 160: 170 000 000
03Feb92 11:31:43 161: 170 000 085
03Feb92 11:31:43 162: 170 000 170
03Feb92 11:31:43 163: 170 000 255
03Feb92 11:31:43 164: 170 036 000
03Feb92 11:31:43 165: 170 036 085
03Feb92 11:31:43 166: 170 036 170
03Feb92 11:31:43 167: 170 036 255
03Feb92 11:31:43 168: 170 073 000
03Feb92 11:31:43 169: 170 073 085
03Feb92 11:31:43 170: 170 073 170
03Feb92 11:31:43 171: 170 073 255
03Feb92 11:31:43 172: 170 109 000
03Feb92 11:31:43 173: 170 109 085
03Feb92 11:31:43 174: 170 109 170
03Feb92 11:31:43 175: 170 109 255
03Feb92 11:31:43 176: 170 146 000
03Feb92 11:31:43 177: 170 146 085
03Feb92 11:31:43 178: 170 146 170
03Feb92 11:31:43 179: 170 146 255
03Feb92 11:31:43 180: 170 182 000
03Feb92 11:31:43 181: 170 182 085
03Feb92 11:31:43 182: 170 182 170
03Feb92 11:31:44 183: 170 182 255
03Feb92 11:31:44 184: 170 219 000
03Feb92 11:31:44 185: 170 219 085
03Feb92 11:31:44 186: 170 219 170
03Feb92 11:31:44 187: 170 219 255
03Feb92 11:31:44 188: 170 255 000
03Feb92 11:31:44 189: 170 255 085
03Feb92 11:31:44 190: 170 255 170
03Feb92 11:31:44 191: 170 255 255
03Feb92 11:31:44 192: 213 000 000
03Feb92 11:31:44 193: 213 000 085
03Feb92 11:31:44 194: 213 000 170
03Feb92 11:31:44 195: 213 000 255
03Feb92 11:31:44 196: 213 036 000
03Feb92 11:31:44 197: 213 036 085
03Feb92 11:31:44 198: 213 036 170
03Feb92 11:31:44 199: 213 036 255
03Feb92 11:31:44 200: 213 073 000
03Feb92 11:31:44 201: 213 073 085
03Feb92 11:31:44 202: 213 073 170
03Feb92 11:31:44 203: 213 073 255
03Feb92 11:31:44 204: 213 109 000
03Feb92 11:31:44 205: 213 109 085
03Feb92 11:31:44 206: 213 109 170
03Feb92 11:31:44 207: 213 109 255
03Feb92 11:31:44 208: 213 146 000
03Feb92 11:31:44 209: 213 146 085
03Feb92 11:31:44 210: 213 146 170
03Feb92 11:31:44 211: 213 146 255
03Feb92 11:31:44 212: 213 182 000
03Feb92 11:31:44 213: 213 182 085
03Feb92 11:31:44 214: 213 182 170
03Feb92 11:31:44 215: 213 182 255
03Feb92 11:31:44 216: 213 219 000
03Feb92 11:31:45 217: 213 219 085
03Feb92 11:31:45 218: 213 219 170
03Feb92 11:31:45 219: 213 219 255
03Feb92 11:31:45 220: 213 255 000
03Feb92 11:31:45 221: 213 255 085
03Feb92 11:31:45 222: 213 255 170
03Feb92 11:31:45 223: 213 255 255
03Feb92 11:31:45 224: 255 000 000
03Feb92 11:31:45 225: 255 000 085
03Feb92 11:31:45 226: 255 000 170
03Feb92 11:31:45 227: 255 000 255
03Feb92 11:31:45 228: 255 036 000
03Feb92 11:31:45 229: 255 036 085
03Feb92 11:31:45 230: 255 036 170
03Feb92 11:31:45 231: 255 036 255
03Feb92 11:31:45 232: 255 073 000
03Feb92 11:31:45 233: 255 073 085
03Feb92 11:31:45 234: 255 073 170
03Feb92 11:31:45 235: 255 073 255
03Feb92 11:31:45 236: 255 109 000
03Feb92 11:31:45 237: 255 109 085
03Feb92 11:31:45 238: 255 109 170
03Feb92 11:31:45 239: 255 109 255
03Feb92 11:31:46 240: 255 146 000
03Feb92 11:31:46 241: 255 146 085
03Feb92 11:31:46 242: 255 146 170
03Feb92 11:31:46 243: 255 146 255
03Feb92 11:31:46 244: 255 182 000
03Feb92 11:31:46 245: 255 182 085
03Feb92 11:31:46 246: 255 182 170
03Feb92 11:31:46 247: 255 182 255
03Feb92 11:31:46 248: 255 219 000
03Feb92 11:31:46 249: 255 219 085
03Feb92 11:31:46 250: 255 219 170
03Feb92 11:31:46 251: 255 219 255
03Feb92 11:31:46 Y: 252 255
03Feb92 11:31:46 252: 255 255 000
03Feb92 11:31:47 253: 255 255 085
03Feb92 11:31:47 254: 255 255 170
03Feb92 11:31:47 255: 255 255 255
03Feb92 11:31:47 Tables R,G,B,W have: 7 8 4 34
03Feb92 11:31:47 Tables C,Y,P have: 2 2 4
03Feb92 11:31:47 Green table (I, CTAB, CLEV):
03Feb92 11:31:47  0: 000 0
03Feb92 11:31:47  1: 004 36
03Feb92 11:31:47  2: 008 73
03Feb92 11:31:47  3: 012 109
03Feb92 11:31:47  4: 016 146
03Feb92 11:31:47  5: 020 182
03Feb92 11:31:47  6: 024 219
03Feb92 11:31:47  7: 028 255
03Feb92 11:31:48 CGRID 0
03Feb92 11:31:48 Disk drawn
03Feb92 11:31:49 Meridians drawn
03Feb92 11:31:50 Parallels drawn
03Feb92 11:31:51 Grid draw time: 2313ms
03Feb92 11:31:51 RandRGBW: 36 31 73 6
03Feb92 11:31:51 Solar day number, EOT: 32 -819
03Feb92 11:31:51 Seconds to/since apparent solar noon: -2508
03Feb92 11:31:51 Sun longitude: 10450
03Feb92 11:31:51 Equinox degrees: 314700
03Feb92 11:31:51 Sun latitude: -16667
03Feb92 11:31:51 V low, high, min max: 0 255, 0 255
03Feb92 11:31:51 Z low, high, min max: -79 256, -79 256
03Feb92 11:31:51 Starting draw globe
03Feb92 11:32:18 Globe draw time: 26656ms
03Feb92 11:32:18 Start timer 15000
