   105 D:\globe\RUN32.LOG                              0 bytes CRC=x'0000'
                                                 344,659 total bytes
   118 D:\globe\TEMP.C                               119 bytes 100% CRC=x'C382'
    41 D:\globe\GLOBE.H                           14,502 bytes 100% CRC=x'7B04'
    54 D:\globe\GLOBEC.C                          13,708 bytes 100% CRC=x'67B6'
    96 D:\globe\PMGLOBE.PKG                        3,570 bytes 100% CRC=x'5E9C'
    27 D:\globe\GLCOMM.DOC                        20,578 bytes 100% CRC=x'38FF'
    53 D:\globe\GLOBE32.RES                       12,785 bytes 100% CRC=x'2A58'
    52 D:\globe\GLOBE32.EXE                      160,380 bytes 100% CRC=x'214F'
    38 D:\globe\GLOBE.DOC                         27,432 bytes 100% CRC=x'1AA0'
    62 D:\globe\GLOBER.C                          91,428 bytes 100% CRC=x'1A82'
   137 D:\globe\UPLOAD.CMD                           157 bytes 100% CRC=x'0297'
   121 D:\globe\TEMPDEEP.PMG - not transferred
   122 D:\globe\TEMPSPIN.PMG - not transferred
    22 D:\globe\GEOSOURC.LOG - not transferred
   102 D:\globe\REVERSIO.CMD - not transferred
    19 D:\globe\FONTTEST.PMG - not transferred
   132 D:\globe\TESTSPIN.PMG - not transferred
   131 D:\globe\TESTDEGX.CMD - not transferred
    57 D:\globe\GLOBEINT.DBK - not transferred
    90 D:\globe\NICETIME.CMD - not transferred
     1 D:\globe\ADDMONTH.PMG - not transferred
   134 D:\globe\TIMEZONE.DLG - not transferred
    58 D:\globe\GLOBEINT.DOC - not transferred
    17 D:\globe\FASTSPIN.PMG - not transferred
    11 D:\globe\DISTCALC.DLG - not transferred
    92 D:\globe\ORIGIN2.PMG - not transferred
    87 D:\globe\MINIRAM.LST - not transferred
    94 D:\globe\PMGEURO.ICO - not transferred
    95 D:\globe\PMGICON.RAM - not transferred
    84 D:\globe\MAKEZIP.CMD - not transferred
    86 D:\globe\MINIRAM.CMD - not transferred
    82 D:\globe\MAKEDOC.CMD - not transferred
    83 D:\globe\MAKEEWS.CMD - not transferred
   114 D:\globe\SPINIT4.PMG - not transferred
   113 D:\globe\SPINIT3.PMG - not transferred
   112 D:\globe\SPINIT2.PMG - not transferred
    21 D:\globe\GEOPROJ.LOG - not transferred
   136 D:\globe\UPGLOBE.CMD - not transferred
   130 D:\globe\TESTDEG.MAK - not transferred
    60 D:\globe\GLOBEP2T.CX - not transferred
   106 D:\globe\SHOWJAY.PMG - not transferred
    59 D:\globe\GLOBEMAP.C - not transferred
    85 D:\globe\MFCBGA.CFG - not transferred
    55 D:\globe\GLOBECOL.C - not transferred
    76 D:\globe\LANDMAP4.H - not transferred
    71 D:\globe\JETLAG.CMD - not transferred
    51 D:\globe\GLOBE1.ICO - not transferred
    74 D:\globe\LANDMAP1.H - not transferred
    77 D:\globe\LATAPPRO.C - not transferred
    75 D:\globe\LANDMAP3.H - not transferred
    88 D:\globe\MMBACK.CMD - not transferred
    26 D:\globe\GLCOMM.DLG - not transferred
   111 D:\globe\SPINIT.PMG - not transferred
    28 D:\globe\GLCOMM.GML - not transferred
    30 D:\globe\GLDEMO.DOC - not transferred
    29 D:\globe\GLCOMM.ODC - not transferred
     5 D:\globe\CITIES.PMG - not transferred
   138 D:\globe\WMCLOSE.CX - not transferred
    12 D:\globe\DUALPATH.H - not transferred
    25 D:\globe\GLCLIENT.C - not transferred
    16 D:\globe\FASTRAND.C - not transferred
    97 D:\globe\PMGUSA.ICO - not transferred
    99 D:\globe\PRINTF32.C - not transferred
   100 D:\globe\RANDOM.SOU - not transferred
    93 D:\globe\OS2EWS.ASI - not transferred
    89 D:\globe\MMREST.CMD - not transferred
    91 D:\globe\ORIGIN.PMG - not transferred
    37 D:\globe\GLOBE.DEF - not transferred
    50 D:\globe\GLOBE.WSH - not transferred
    23 D:\globe\GEOVM.LOG - not transferred
     3 D:\globe\BUILD.CMD - not transferred
    18 D:\globe\FIRST.PMG - not transferred
    20 D:\globe\GBACK.CMD - not transferred
    39 D:\globe\GLOBE.EXE - not transferred
    42 D:\globe\GLOBE.ICO - not transferred
    40 D:\globe\GLOBE.GML - not transferred
    34 D:\globe\GLOBE.ABS - not transferred
    36 D:\globe\GLOBE.DBK - not transferred
    43 D:\globe\GLOBE.LOG - not transferred
    47 D:\globe\GLOBE.PKG - not transferred
    48 D:\globe\GLOBE.PTR - not transferred
    46 D:\globe\GLOBE.OOP - not transferred
    44 D:\globe\GLOBE.MAK - not transferred
    45 D:\globe\GLOBE.ODC - not transferred
   109 D:\globe\SPIN1.PMG - not transferred
   110 D:\globe\SPIN2.PMG - not transferred
   104 D:\globe\RUN16.LOG - not transferred
    73 D:\globe\LANDMAP.H - not transferred
   101 D:\globe\REDRAW.CX - not transferred
   128 D:\globe\TEST2.PMG - not transferred
   129 D:\globe\TESTDEG.C - not transferred
   127 D:\globe\TEST2.CMD - not transferred
   115 D:\globe\SPINX.PMG - not transferred
   116 D:\globe\STARTUP.C - not transferred
    70 D:\globe\GTEST.PMG - not transferred
    64 D:\globe\GLOBEUT.C - not transferred
    68 D:\globe\GREST.CMD - not transferred
    65 D:\globe\GLPAINT.C - not transferred
    66 D:\globe\GLPTR.ICO - not transferred
    67 D:\globe\GLTIMEZ.C - not transferred
    63 D:\globe\GLOBESQ.C - not transferred
    69 D:\globe\GREST.LOG - not transferred
    61 D:\globe\GLOBEPM.H - not transferred
    56 D:\globe\GLOBECV.C - not transferred
     6 D:\globe\CITY.LST - not transferred
    49 D:\globe\GLOBE.RC - not transferred
    24 D:\globe\GLCLI2.C - not transferred
   124 D:\globe\TEST.CMD - not transferred
   125 D:\globe\TEST.PMG - not transferred
    10 D:\globe\DEEP.PMG - not transferred
   119 D:\globe\TEMP.PMG - not transferred
    32 D:\globe\GLDIST.C - not transferred
    81 D:\globe\LSQRT2.C - not transferred
    98 D:\globe\PRINTF.C - not transferred
   108 D:\globe\SPIN.PMG - not transferred
    31 D:\globe\GLDIAL.C - not transferred
     8 D:\globe\DEC.DAT - not transferred
    80 D:\globe\LSQRT.C - not transferred
    13 D:\globe\EOT.CMD - not transferred
     2 D:\globe\BAD.PMG - not transferred
   135 D:\globe\TZDLG.H - not transferred
   133 D:\globe\TIM.CMD - not transferred
     7 D:\globe\DEC.CMD - not transferred
    72 D:\globe\LACOS.C - not transferred
    14 D:\globe\EOT.DAT - not transferred
   120 D:\globe\TEMP2.C - not transferred
   103 D:\globe\RUN.LOG - not transferred
    35 D:\globe\GLOBE.C - not transferred
   107 D:\globe\SLSIN.C - not transferred
   126 D:\globe\TEST2.C - not transferred
    33 D:\globe\GLDO.C - not transferred
     4 D:\globe\CC.PMG - not transferred
    78 D:\globe\LCOS.C - not transferred
   123 D:\globe\TEST.C - not transferred
    15 D:\globe\EOT.H - not transferred
     9 D:\globe\DEC.H - not transferred
    79 D:\globe\LOG. - not transferred
   117 D:\globe\T.T - not transferred


